This is pdfTeX, Version 3.14159265-2.6-1.40.18 (MiKTeX 2.9.6350 64-bit) (preloaded format=pdflatex 2017.10.25)  3 NOV 2017 21:18
entering extended mode
**"./Final Report.tex"
("Final Report.tex"
LaTeX2e <2017-04-15>
Babel <3.10> and hyphenation patterns for 75 language(s) loaded.
("C:\Program Files\MiKTeX 2.9\tex\latex\base\report.cls"
Document Class: report 2014/09/29 v1.4h Standard LaTeX document class
("C:\Program Files\MiKTeX 2.9\tex\latex\base\size12.clo"
File: size12.clo 2014/09/29 v1.4h Standard LaTeX file (size option)
)
\c@part=\count79
\c@chapter=\count80
\c@section=\count81
\c@subsection=\count82
\c@subsubsection=\count83
\c@paragraph=\count84
\c@subparagraph=\count85
\c@figure=\count86
\c@table=\count87
\abovecaptionskip=\skip41
\belowcaptionskip=\skip42
\bibindent=\dimen102
)
("C:\Program Files\MiKTeX 2.9\tex\latex\geometry\geometry.sty"
Package: geometry 2010/09/12 v5.6 Page Geometry

("C:\Program Files\MiKTeX 2.9\tex\latex\graphics\keyval.sty"
Package: keyval 2014/10/28 v1.15 key=value parser (DPC)
\KV@toks@=\toks14
)
("C:\Program Files\MiKTeX 2.9\tex\generic\oberdiek\ifpdf.sty"
Package: ifpdf 2017/03/15 v3.2 Provides the ifpdf switch
)
("C:\Program Files\MiKTeX 2.9\tex\generic\oberdiek\ifvtex.sty"
Package: ifvtex 2016/05/16 v1.6 Detect VTeX and its facilities (HO)
Package ifvtex Info: VTeX not detected.
)
("C:\Program Files\MiKTeX 2.9\tex\generic\ifxetex\ifxetex.sty"
Package: ifxetex 2010/09/12 v0.6 Provides ifxetex conditional
)
\Gm@cnth=\count88
\Gm@cntv=\count89
\c@Gm@tempcnt=\count90
\Gm@bindingoffset=\dimen103
\Gm@wd@mp=\dimen104
\Gm@odd@mp=\dimen105
\Gm@even@mp=\dimen106
\Gm@layoutwidth=\dimen107
\Gm@layoutheight=\dimen108
\Gm@layouthoffset=\dimen109
\Gm@layoutvoffset=\dimen110
\Gm@dimlist=\toks15

("C:\Program Files\MiKTeX 2.9\tex\latex\geometry\geometry.cfg"))
("C:\Program Files\MiKTeX 2.9\tex\latex\graphics\graphicx.sty"
Package: graphicx 2014/10/28 v1.0g Enhanced LaTeX Graphics (DPC,SPQR)

("C:\Program Files\MiKTeX 2.9\tex\latex\graphics\graphics.sty"
Package: graphics 2017/04/14 v1.1b Standard LaTeX Graphics (DPC,SPQR)

("C:\Program Files\MiKTeX 2.9\tex\latex\graphics\trig.sty"
Package: trig 2016/01/03 v1.10 sin cos tan (DPC)
)
("C:\Program Files\MiKTeX 2.9\tex\latex\graphics-cfg\graphics.cfg"
File: graphics.cfg 2016/06/04 v1.11 sample graphics configuration
)
Package graphics Info: Driver file: pdftex.def on input line 99.

("C:\Program Files\MiKTeX 2.9\tex\latex\graphics-def\pdftex.def"
File: pdftex.def 2017/01/12 v0.06k Graphics/color for pdfTeX

("C:\Program Files\MiKTeX 2.9\tex\generic\oberdiek\infwarerr.sty"
Package: infwarerr 2016/05/16 v1.4 Providing info/warning/error messages (HO)
)
("C:\Program Files\MiKTeX 2.9\tex\generic\oberdiek\ltxcmds.sty"
Package: ltxcmds 2016/05/16 v1.23 LaTeX kernel commands for general use (HO)
)
\Gread@gobject=\count91
))
\Gin@req@height=\dimen111
\Gin@req@width=\dimen112
)
("C:\Program Files\MiKTeX 2.9\tex\latex\fancyhdr\fancyhdr.sty"
Package: fancyhdr 2017/06/30 v3.9a Extensive control of page headers and footer
s
\f@nch@headwidth=\skip43
\f@nch@O@elh=\skip44
\f@nch@O@erh=\skip45
\f@nch@O@olh=\skip46
\f@nch@O@orh=\skip47
\f@nch@O@elf=\skip48
\f@nch@O@erf=\skip49
\f@nch@O@olf=\skip50
\f@nch@O@orf=\skip51
)
("C:\Program Files\MiKTeX 2.9\tex\latex\amsmath\amsmath.sty"
Package: amsmath 2016/11/05 v2.16a AMS math features
\@mathmargin=\skip52

For additional information on amsmath, use the `?' option.
("C:\Program Files\MiKTeX 2.9\tex\latex\amsmath\amstext.sty"
Package: amstext 2000/06/29 v2.01 AMS text

("C:\Program Files\MiKTeX 2.9\tex\latex\amsmath\amsgen.sty"
File: amsgen.sty 1999/11/30 v2.0 generic functions
\@emptytoks=\toks16
\ex@=\dimen113
))
("C:\Program Files\MiKTeX 2.9\tex\latex\amsmath\amsbsy.sty"
Package: amsbsy 1999/11/29 v1.2d Bold Symbols
\pmbraise@=\dimen114
)
("C:\Program Files\MiKTeX 2.9\tex\latex\amsmath\amsopn.sty"
Package: amsopn 2016/03/08 v2.02 operator names
)
\inf@bad=\count92
LaTeX Info: Redefining \frac on input line 213.
\uproot@=\count93
\leftroot@=\count94
LaTeX Info: Redefining \overline on input line 375.
\classnum@=\count95
\DOTSCASE@=\count96
LaTeX Info: Redefining \ldots on input line 472.
LaTeX Info: Redefining \dots on input line 475.
LaTeX Info: Redefining \cdots on input line 596.
\Mathstrutbox@=\box26
\strutbox@=\box27
\big@size=\dimen115
LaTeX Font Info:    Redeclaring font encoding OML on input line 712.
LaTeX Font Info:    Redeclaring font encoding OMS on input line 713.
\macc@depth=\count97
\c@MaxMatrixCols=\count98
\dotsspace@=\muskip10
\c@parentequation=\count99
\dspbrk@lvl=\count100
\tag@help=\toks17
\row@=\count101
\column@=\count102
\maxfields@=\count103
\andhelp@=\toks18
\eqnshift@=\dimen116
\alignsep@=\dimen117
\tagshift@=\dimen118
\tagwidth@=\dimen119
\totwidth@=\dimen120
\lineht@=\dimen121
\@envbody=\toks19
\multlinegap=\skip53
\multlinetaggap=\skip54
\mathdisplay@stack=\toks20
LaTeX Info: Redefining \[ on input line 2817.
LaTeX Info: Redefining \] on input line 2818.
)
("C:\Program Files\MiKTeX 2.9\tex\latex\amscls\amsthm.sty"
Package: amsthm 2015/03/04 v2.20.2
\thm@style=\toks21
\thm@bodyfont=\toks22
\thm@headfont=\toks23
\thm@notefont=\toks24
\thm@headpunct=\toks25
\thm@preskip=\skip55
\thm@postskip=\skip56
\thm@headsep=\skip57
\dth@everypar=\toks26
)
("C:\Program Files\MiKTeX 2.9\tex\latex\amsfonts\amssymb.sty"
Package: amssymb 2013/01/14 v3.01 AMS font symbols

("C:\Program Files\MiKTeX 2.9\tex\latex\amsfonts\amsfonts.sty"
Package: amsfonts 2013/01/14 v3.01 Basic AMSFonts support
\symAMSa=\mathgroup4
\symAMSb=\mathgroup5
LaTeX Font Info:    Overwriting math alphabet `\mathfrak' in version `bold'
(Font)                  U/euf/m/n --> U/euf/b/n on input line 106.
))
("C:\Program Files\MiKTeX 2.9\tex\latex\lastpage\lastpage.sty"
Package: lastpage 2015/03/29 v1.2m Refers to last page's name (HMM; JPG)
)
("C:\Program Files\MiKTeX 2.9\tex\latex\subfigure\subfigure.sty"
Package: subfigure 2002/07/30 v2.1.4 subfigure package
\subfigtopskip=\skip58
\subfigcapskip=\skip59
\subfigcaptopadj=\dimen122
\subfigbottomskip=\skip60
\subfigcapmargin=\dimen123
\subfiglabelskip=\skip61
\c@subfigure=\count104
\c@lofdepth=\count105
\c@subtable=\count106
\c@lotdepth=\count107

****************************************
* Local config file subfigure.cfg used *
****************************************
("C:\Program Files\MiKTeX 2.9\tex\latex\subfigure\subfigure.cfg")
\subfig@top=\skip62
\subfig@bottom=\skip63
)
("C:\Program Files\MiKTeX 2.9\tex\latex\graphics\lscape.sty"
Package: lscape 2000/10/22 v3.01 Landscape Pages (DPC)
)
("C:\Program Files\MiKTeX 2.9\tex\latex\hyphenat\hyphenat.sty"
Package: hyphenat 2009/09/02 v2.3c hyphenation utilities
\langwohyphens=\language76
LaTeX Info: Redefining \_ on input line 43.
)
("C:\Program Files\MiKTeX 2.9\tex\latex\setspace\setspace.sty"
Package: setspace 2011/12/19 v6.7a set line spacing
)
("C:\Program Files\MiKTeX 2.9\tex\latex\hyperref\hyperref.sty"
Package: hyperref 2017/03/14 v6.85a Hypertext links for LaTeX

("C:\Program Files\MiKTeX 2.9\tex\generic\oberdiek\hobsub-hyperref.sty"
Package: hobsub-hyperref 2016/05/16 v1.14 Bundle oberdiek, subset hyperref (HO)


("C:\Program Files\MiKTeX 2.9\tex\generic\oberdiek\hobsub-generic.sty"
Package: hobsub-generic 2016/05/16 v1.14 Bundle oberdiek, subset generic (HO)
Package: hobsub 2016/05/16 v1.14 Construct package bundles (HO)
Package hobsub Info: Skipping package `infwarerr' (already loaded).
Package hobsub Info: Skipping package `ltxcmds' (already loaded).
Package: ifluatex 2016/05/16 v1.4 Provides the ifluatex switch (HO)
Package ifluatex Info: LuaTeX not detected.
Package hobsub Info: Skipping package `ifvtex' (already loaded).
Package: intcalc 2016/05/16 v1.2 Expandable calculations with integers (HO)
Package hobsub Info: Skipping package `ifpdf' (already loaded).
Package: etexcmds 2016/05/16 v1.6 Avoid name clashes with e-TeX commands (HO)
Package etexcmds Info: Could not find \expanded.
(etexcmds)             That can mean that you are not using pdfTeX 1.50 or
(etexcmds)             that some package has redefined \expanded.
(etexcmds)             In the latter case, load this package earlier.
Package: kvsetkeys 2016/05/16 v1.17 Key value parser (HO)
Package: kvdefinekeys 2016/05/16 v1.4 Define keys (HO)
Package: pdftexcmds 2017/03/19 v0.25 Utility functions of pdfTeX for LuaTeX (HO
)
Package pdftexcmds Info: LuaTeX not detected.
Package pdftexcmds Info: \pdf@primitive is available.
Package pdftexcmds Info: \pdf@ifprimitive is available.
Package pdftexcmds Info: \pdfdraftmode found.
Package: pdfescape 2016/05/16 v1.14 Implements pdfTeX's escape features (HO)
Package: bigintcalc 2016/05/16 v1.4 Expandable calculations on big integers (HO
)
Package: bitset 2016/05/16 v1.2 Handle bit-vector datatype (HO)
Package: uniquecounter 2016/05/16 v1.3 Provide unlimited unique counter (HO)
)
Package hobsub Info: Skipping package `hobsub' (already loaded).
Package: letltxmacro 2016/05/16 v1.5 Let assignment for LaTeX macros (HO)
Package: hopatch 2016/05/16 v1.3 Wrapper for package hooks (HO)
Package: xcolor-patch 2016/05/16 xcolor patch
Package: atveryend 2016/05/16 v1.9 Hooks at the very end of document (HO)
Package atveryend Info: \enddocument detected (standard20110627).
Package: atbegshi 2016/06/09 v1.18 At begin shipout hook (HO)
Package: refcount 2016/05/16 v3.5 Data extraction from label references (HO)
Package: hycolor 2016/05/16 v1.8 Color options for hyperref/bookmark (HO)
)
("C:\Program Files\MiKTeX 2.9\tex\latex\oberdiek\auxhook.sty"
Package: auxhook 2016/05/16 v1.4 Hooks for auxiliary files (HO)
)
("C:\Program Files\MiKTeX 2.9\tex\latex\oberdiek\kvoptions.sty"
Package: kvoptions 2016/05/16 v3.12 Key value format for package options (HO)
)
\@linkdim=\dimen124
\Hy@linkcounter=\count108
\Hy@pagecounter=\count109

("C:\Program Files\MiKTeX 2.9\tex\latex\hyperref\pd1enc.def"
File: pd1enc.def 2017/03/14 v6.85a Hyperref: PDFDocEncoding definition (HO)
)
\Hy@SavedSpaceFactor=\count110

("C:\Program Files\MiKTeX 2.9\tex\latex\00miktex\hyperref.cfg"
File: hyperref.cfg 2002/06/06 v1.2 hyperref configuration of TeXLive
)
Package hyperref Info: Hyper figures OFF on input line 4498.
Package hyperref Info: Link nesting OFF on input line 4503.
Package hyperref Info: Hyper index ON on input line 4506.
Package hyperref Info: Plain pages OFF on input line 4513.
Package hyperref Info: Backreferencing OFF on input line 4518.
Package hyperref Info: Implicit mode ON; LaTeX internals redefined.
Package hyperref Info: Bookmarks ON on input line 4751.
\c@Hy@tempcnt=\count111

("C:\Program Files\MiKTeX 2.9\tex\latex\url\url.sty"
\Urlmuskip=\muskip11
Package: url 2013/09/16  ver 3.4  Verb mode for urls, etc.
)
LaTeX Info: Redefining \url on input line 5104.
\XeTeXLinkMargin=\dimen125
\Fld@menulength=\count112
\Field@Width=\dimen126
\Fld@charsize=\dimen127
Package hyperref Info: Hyper figures OFF on input line 6358.
Package hyperref Info: Link nesting OFF on input line 6363.
Package hyperref Info: Hyper index ON on input line 6366.
Package hyperref Info: backreferencing OFF on input line 6373.
Package hyperref Info: Link coloring OFF on input line 6378.
Package hyperref Info: Link coloring with OCG OFF on input line 6383.
Package hyperref Info: PDF/A mode OFF on input line 6388.
LaTeX Info: Redefining \ref on input line 6428.
LaTeX Info: Redefining \pageref on input line 6432.
\Hy@abspage=\count113
\c@Item=\count114
\c@Hfootnote=\count115
)

Package hyperref Message: Driver (autodetected): hpdftex.

("C:\Program Files\MiKTeX 2.9\tex\latex\hyperref\hpdftex.def"
File: hpdftex.def 2017/03/14 v6.85a Hyperref driver for pdfTeX
\Fld@listcount=\count116
\c@bookmark@seq@number=\count117

("C:\Program Files\MiKTeX 2.9\tex\latex\oberdiek\rerunfilecheck.sty"
Package: rerunfilecheck 2016/05/16 v1.8 Rerun checks for auxiliary files (HO)
Package uniquecounter Info: New unique counter `rerunfilecheck' on input line 2
82.
)
\Hy@SectionHShift=\skip64
)
("C:\Program Files\MiKTeX 2.9\tex\latex\xcolor\xcolor.sty"
Package: xcolor 2016/05/11 v2.12 LaTeX color extensions (UK)

("C:\Program Files\MiKTeX 2.9\tex\latex\graphics-cfg\color.cfg"
File: color.cfg 2016/01/02 v1.6 sample color configuration
)
Package xcolor Info: Driver file: pdftex.def on input line 225.
Package xcolor Info: Model `cmy' substituted by `cmy0' on input line 1348.
Package xcolor Info: Model `hsb' substituted by `rgb' on input line 1352.
Package xcolor Info: Model `RGB' extended on input line 1364.
Package xcolor Info: Model `HTML' substituted by `rgb' on input line 1366.
Package xcolor Info: Model `Hsb' substituted by `hsb' on input line 1367.
Package xcolor Info: Model `tHsb' substituted by `hsb' on input line 1368.
Package xcolor Info: Model `HSB' substituted by `hsb' on input line 1369.
Package xcolor Info: Model `Gray' substituted by `gray' on input line 1370.
Package xcolor Info: Model `wave' substituted by `hsb' on input line 1371.
)
(C:\texmf\tex\latex\colortbl\colortbl.sty
Package: colortbl 2012/02/13 v1.0a Color table columns (DPC)

("C:\Program Files\MiKTeX 2.9\tex\latex\tools\array.sty"
Package: array 2016/10/06 v2.4d Tabular extension package (FMi)
\col@sep=\dimen128
\extrarowheight=\dimen129
\NC@list=\toks27
\extratabsurround=\skip65
\backup@length=\skip66
)
\everycr=\toks28
\minrowclearance=\skip67
)
("C:\Program Files\MiKTeX 2.9\tex\latex\graphics\rotating.sty"
Package: rotating 2016/08/11 v2.16d rotated objects in LaTeX

("C:\Program Files\MiKTeX 2.9\tex\latex\base\ifthen.sty"
Package: ifthen 2014/09/29 v1.1c Standard LaTeX ifthen package (DPC)
)
\c@r@tfl@t=\count118
\rotFPtop=\skip68
\rotFPbot=\skip69
\rot@float@box=\box28
\rot@mess@toks=\toks29
)
("C:\Program Files\MiKTeX 2.9\tex\latex\multirow\multirow.sty"
Package: multirow 2016/11/25 v2.2 Span multiple rows of a table
\multirow@colwidth=\skip70
\multirow@cntb=\count119
\multirow@dima=\skip71
\bigstrutjot=\dimen130
)
("C:\Program Files\MiKTeX 2.9\tex\latex\booktabs-de\booktabs-de.sty"
Package: booktabs-de 2005/04/14 v1.61803 publication quality tables
\heavyrulewidth=\dimen131
\lightrulewidth=\dimen132
\cmidrulewidth=\dimen133
\belowrulesep=\dimen134
\belowbottomsep=\dimen135
\aboverulesep=\dimen136
\abovetopsep=\dimen137
\cmidrulesep=\dimen138
\cmidrulekern=\dimen139
\defaultaddspace=\dimen140
\@cmidla=\count120
\@cmidlb=\count121
\@aboverulesep=\dimen141
\@belowrulesep=\dimen142
\@thisruleclass=\count122
\@lastruleclass=\count123
\@thisrulewidth=\dimen143
)
("C:\Program Files\MiKTeX 2.9\tex\latex\adjustbox\adjustbox.sty"
Package: adjustbox 2012/05/21 v1.0 Adjusting TeX boxes (trim, clip, ...)

("C:\Program Files\MiKTeX 2.9\tex\latex\xkeyval\xkeyval.sty"
Package: xkeyval 2014/12/03 v2.7a package option processing (HA)

("C:\Program Files\MiKTeX 2.9\tex\generic\xkeyval\xkeyval.tex"
("C:\Program Files\MiKTeX 2.9\tex\generic\xkeyval\xkvutils.tex"
\XKV@toks=\toks30
\XKV@tempa@toks=\toks31
)
\XKV@depth=\count124
File: xkeyval.tex 2014/12/03 v2.7a key=value parser (HA)
))
("C:\Program Files\MiKTeX 2.9\tex\latex\adjustbox\adjcalc.sty"
Package: adjcalc 2012/05/16 v1.1 Provides advanced setlength with multiple back
-ends (calc, etex, pgfmath)
)
("C:\Program Files\MiKTeX 2.9\tex\latex\adjustbox\trimclip.sty"
Package: trimclip 2012/05/16 v1.0 Trim and clip general TeX material

("C:\Program Files\MiKTeX 2.9\tex\latex\collectbox\collectbox.sty"
Package: collectbox 2012/05/17 v0.4b Collect macro arguments as boxes
\collectedbox=\box29
)
\tc@llx=\dimen144
\tc@lly=\dimen145
\tc@urx=\dimen146
\tc@ury=\dimen147
Package trimclip Info: Using driver 'tc-pdftex.def'.

("C:\Program Files\MiKTeX 2.9\tex\latex\adjustbox\tc-pdftex.def"
File: tc-pdftex.def 2012/05/13 v1.0 Clipping driver for pdftex
))
\adjbox@Width=\dimen148
\adjbox@Height=\dimen149
\adjbox@Depth=\dimen150
\adjbox@Totalheight=\dimen151

("C:\Program Files\MiKTeX 2.9\tex\latex\ifoddpage\ifoddpage.sty"
Package: ifoddpage 2016/04/23 v1.1 Conditionals for odd/even page detection
\c@checkoddpage=\count125
)
("C:\Program Files\MiKTeX 2.9\tex\latex\ltxmisc\varwidth.sty"
Package: varwidth 2009/03/30 ver 0.92;  Variable-width minipages
\@vwid@box=\box30
\sift@deathcycles=\count126
\@vwid@loff=\dimen152
\@vwid@roff=\dimen153
))
("C:\Program Files\MiKTeX 2.9\tex\latex\tools\tabularx.sty"
Package: tabularx 2016/02/03 v2.11 `tabularx' package (DPC)
\TX@col@width=\dimen154
\TX@old@table=\dimen155
\TX@old@col=\dimen156
\TX@target=\dimen157
\TX@delta=\dimen158
\TX@cols=\count127
\TX@ftn=\toks32
)

Package array Warning: Column V is already defined on input line 34.

("Final Report.aux" (Introduction.aux) (Literature.aux) (BackgroundInfo.aux)
(Design.aux) (Methodology.aux) (Results.aux) (Analysis.aux) (Discussion.aux)
(Conclusions.aux) (Recommendations.aux) (References.aux) (appendixa.aux)
(appendixb.aux))
\openout1 = `"Final Report.aux"'.

LaTeX Font Info:    Checking defaults for OML/cmm/m/it on input line 45.
LaTeX Font Info:    ... okay on input line 45.
LaTeX Font Info:    Checking defaults for T1/cmr/m/n on input line 45.
LaTeX Font Info:    ... okay on input line 45.
LaTeX Font Info:    Checking defaults for OT1/cmr/m/n on input line 45.
LaTeX Font Info:    ... okay on input line 45.
LaTeX Font Info:    Checking defaults for OMS/cmsy/m/n on input line 45.
LaTeX Font Info:    ... okay on input line 45.
LaTeX Font Info:    Checking defaults for OMX/cmex/m/n on input line 45.
LaTeX Font Info:    ... okay on input line 45.
LaTeX Font Info:    Checking defaults for U/cmr/m/n on input line 45.
LaTeX Font Info:    ... okay on input line 45.
LaTeX Font Info:    Checking defaults for PD1/pdf/m/n on input line 45.
LaTeX Font Info:    ... okay on input line 45.

*geometry* driver: auto-detecting
*geometry* detected driver: pdftex
*geometry* verbose mode - [ preamble ] result:
* driver: pdftex
* paper: a4paper
* layout: <same size as paper>
* layoutoffset:(h,v)=(0.0pt,0.0pt)
* modes: 
* h-part:(L,W,R)=(72.26999pt, 452.9679pt, 72.26999pt)
* v-part:(T,H,B)=(72.26999pt, 700.50687pt, 72.26999pt)
* \paperwidth=597.50787pt
* \paperheight=845.04684pt
* \textwidth=452.9679pt
* \textheight=700.50687pt
* \oddsidemargin=0.0pt
* \evensidemargin=0.0pt
* \topmargin=-37.0pt
* \headheight=12.0pt
* \headsep=25.0pt
* \topskip=12.0pt
* \footskip=30.0pt
* \marginparwidth=35.0pt
* \marginparsep=10.0pt
* \columnsep=10.0pt
* \skip\footins=10.8pt plus 4.0pt minus 2.0pt
* \hoffset=0.0pt
* \voffset=0.0pt
* \mag=1000
* \@twocolumnfalse
* \@twosidefalse
* \@mparswitchfalse
* \@reversemarginfalse
* (1in=72.27pt=25.4mm, 1cm=28.453pt)

("C:\Program Files\MiKTeX 2.9\tex\context\base\supp-pdf.mkii"
[Loading MPS to PDF converter (version 2006.09.02).]
\scratchcounter=\count128
\scratchdimen=\dimen159
\scratchbox=\box31
\nofMPsegments=\count129
\nofMParguments=\count130
\everyMPshowfont=\toks33
\MPscratchCnt=\count131
\MPscratchDim=\dimen160
\MPnumerator=\count132
\makeMPintoPDFobject=\count133
\everyMPtoPDFconversion=\toks34
) ("C:\Program Files\MiKTeX 2.9\tex\latex\oberdiek\epstopdf-base.sty"
Package: epstopdf-base 2016/05/15 v2.6 Base part for package epstopdf

("C:\Program Files\MiKTeX 2.9\tex\latex\oberdiek\grfext.sty"
Package: grfext 2016/05/16 v1.2 Manage graphics extensions (HO)
)
Package epstopdf-base Info: Redefining graphics rule for `.eps' on input line 4
38.
Package grfext Info: Graphics extension search list:
(grfext)             [.png,.pdf,.jpg,.mps,.jpeg,.jbig2,.jb2,.PNG,.PDF,.JPG,.JPE
G,.JBIG2,.JB2,.eps]
(grfext)             \AppendGraphicsExtensions on input line 456.
)
Package lastpage Info: Please have a look at the pageslts package at
(lastpage)             https://www.ctan.org/pkg/pageslts
(lastpage)             ! on input line 45.
\AtBeginShipoutBox=\box32
Package hyperref Info: Link coloring OFF on input line 45.

("C:\Program Files\MiKTeX 2.9\tex\latex\hyperref\nameref.sty"
Package: nameref 2016/05/21 v2.44 Cross-referencing by name of section

("C:\Program Files\MiKTeX 2.9\tex\generic\oberdiek\gettitlestring.sty"
Package: gettitlestring 2016/05/16 v1.5 Cleanup title references (HO)
)
\c@section@level=\count134
)
LaTeX Info: Redefining \ref on input line 45.
LaTeX Info: Redefining \pageref on input line 45.
LaTeX Info: Redefining \nameref on input line 45.

("Final Report.out") ("Final Report.out")
\@outlinefile=\write3
\openout3 = `"Final Report.out"'.


<uctLogo.png, id=135, 418.56375pt x 425.59pt>
File: uctLogo.png Graphic file (type png)
 <use uctLogo.png>
Package pdftex.def Info: uctLogo.png used on input line 59.
(pdftex.def)             Requested size: 125.57008pt x 127.67798pt.
 [1

{C:/ProgramData/MiKTeX/2.9/pdftex/config/pdftex.map} <./uctLogo.png>] [2]
Underfull \hbox (badness 10000) in paragraph at lines 176--176

 []

[3]
Underfull \hbox (badness 10000) in paragraph at lines 176--176

 []

[1]
Underfull \hbox (badness 10000) in paragraph at lines 176--176

 []

LaTeX Font Info:    Try loading font information for OMS+cmr on input line 176.

("C:\Program Files\MiKTeX 2.9\tex\latex\base\omscmr.fd"
File: omscmr.fd 2014/09/29 v2.5h Standard LaTeX font definitions
)
LaTeX Font Info:    Font shape `OMS/cmr/m/n' in size <12> not available
(Font)              Font shape `OMS/cmsy/m/n' tried instead on input line 176.
 [2] ("Final Report.toc"
LaTeX Font Info:    Try loading font information for U+msa on input line 2.
 ("C:\Program Files\MiKTeX 2.9\tex\latex\amsfonts\umsa.fd"
File: umsa.fd 2013/01/14 v3.01 AMS symbols A
)
LaTeX Font Info:    Try loading font information for U+msb on input line 2.

("C:\Program Files\MiKTeX 2.9\tex\latex\amsfonts\umsb.fd"
File: umsb.fd 2013/01/14 v3.01 AMS symbols B
) [3

])
\tf@toc=\write4
\openout4 = `"Final Report.toc"'.

 [4] [5]

Package Fancyhdr Warning: \fancyhead's `E' option without twoside option is use
less on input line 176.


Package Fancyhdr Warning: \fancyhead's `E' option without twoside option is use
less on input line 176.

\openout2 = `Introduction.aux'.

(Introduction.tex
Chapter 1.

Overfull \hbox (0.1075pt too wide) in paragraph at lines 14--17
\OT1/cmr/m/n/12 Scope indicates to the reader what has and has not been include
d in the study. Limitations
 []

pdfTeX warning (ext4): destination with the same identifier (name{page.1}) has 
been already used, duplicate ignored
<to be read again> 
                   \relax 
l.17 
      [1


])

Package Fancyhdr Warning: \headheight is too small (12.0pt): 
 Make it at least 14.49998pt.
 We now make it that large for the rest of the document.
 This may cause the page layout to be inconsistent, however.

pdfTeX warning (ext4): destination with the same identifier (name{page.2}) has 
been already used, duplicate ignored
<to be read again> 
                   \relax 
l.176 }
        [2]
\openout2 = `Literature.aux'.

 (Literature.tex
Chapter 2.
pdfTeX warning (ext4): destination with the same identifier (name{page.3}) has 
been already used, duplicate ignored
<to be read again> 
                   \relax 
l.29 	\item G
             aussian [3



] <model.png, id=238, 650.43pt x 396.48125pt>
File: model.png Graphic file (type png)

<use model.png>
Package pdftex.def Info: model.png used on input line 56.
(pdftex.def)             Requested size: 317.07614pt x 193.28534pt.

Underfull \hbox (badness 1642) in paragraph at lines 58--58
\OT1/cmr/m/n/12 MCS08GT16A microcontroller (Please note that your headings shou
ld be short
 []

) [4] [5 <./model.png>]
\openout2 = `BackgroundInfo.aux'.

 (BackgroundInfo.tex
Chapter 3.
)
Underfull \hbox (badness 10000) in paragraph at lines 3--176

 []

[6



]
\openout2 = `Design.aux'.

 (Design.tex
Chapter 4.

Underfull \hbox (badness 10000) in paragraph at lines 11--13

 []

[7



]) [8]
\openout2 = `Methodology.aux'.

 (Methodology.tex
Chapter 5.
) [9



]
\openout2 = `Results.aux'.

 (Results.tex
Chapter 6.

Overfull \hbox (5.21207pt too wide) in paragraph at lines 4--5
[]\OT1/cmr/m/n/12 This section begins with a presentation of the overall result
s of the system and a comparison
 []

[10



]
Underfull \hbox (badness 10000) in paragraph at lines 237--238

 []

[11] [12] [13] [14]
Underfull \hbox (badness 10000) in paragraph at lines 239--240

 []


Underfull \hbox (badness 10000) in paragraph at lines 241--242

 []


Underfull \hbox (badness 10000) in paragraph at lines 243--244

 []


Underfull \hbox (badness 10000) in paragraph at lines 245--246

 []


Underfull \hbox (badness 10000) in paragraph at lines 247--248

 []


Underfull \hbox (badness 10000) in paragraph at lines 253--255

 []


Overfull \hbox (0.69742pt too wide) in paragraph at lines 292--292
[]|\OT1/cmr/m/n/12 Chest| 
 []


Overfull \hbox (0.69325pt too wide) in paragraph at lines 292--292
[]|\OT1/cmr/m/n/12 Waist| 
 []


Overfull \hbox (3.23906pt too wide) in paragraph at lines 292--292
[]|\OT1/cmr/m/n/12 Upper
 []


Underfull \hbox (badness 10000) in paragraph at lines 292--292
\OT1/cmr/m/n/12 Left
 []


Overfull \hbox (2.0988pt too wide) in paragraph at lines 292--292
[]|\OT1/cmr/m/n/12 Lower
 []


Underfull \hbox (badness 10000) in paragraph at lines 292--292
\OT1/cmr/m/n/12 Left
 []


Overfull \hbox (3.23906pt too wide) in paragraph at lines 292--292
[]|\OT1/cmr/m/n/12 Upper
 []


Underfull \hbox (badness 10000) in paragraph at lines 292--292
\OT1/cmr/m/n/12 Right
 []


Overfull \hbox (2.0988pt too wide) in paragraph at lines 292--292
[]|\OT1/cmr/m/n/12 Lower
 []


Underfull \hbox (badness 10000) in paragraph at lines 292--292
\OT1/cmr/m/n/12 Right
 []


Overfull \hbox (3.23906pt too wide) in paragraph at lines 292--292
[]|\OT1/cmr/m/n/12 Upper
 []


Underfull \hbox (badness 10000) in paragraph at lines 292--292
\OT1/cmr/m/n/12 Left
 []


Overfull \hbox (2.0988pt too wide) in paragraph at lines 292--292
[]|\OT1/cmr/m/n/12 Lower
 []


Underfull \hbox (badness 10000) in paragraph at lines 292--292
\OT1/cmr/m/n/12 Left
 []


Overfull \hbox (3.23906pt too wide) in paragraph at lines 292--292
[]|\OT1/cmr/m/n/12 Upper
 []


Underfull \hbox (badness 10000) in paragraph at lines 292--292
\OT1/cmr/m/n/12 Right
 []


Overfull \hbox (2.0988pt too wide) in paragraph at lines 292--292
[]|\OT1/cmr/m/n/12 Lower
 []


Underfull \hbox (badness 10000) in paragraph at lines 292--292
\OT1/cmr/m/n/12 Right
 []


Overfull \hbox (1.93768pt too wide) in paragraph at lines 292--292
[]|\OT1/cmr/m/n/12 2.42%| 
 []


Overfull \hbox (7.81262pt too wide) in paragraph at lines 292--292
[]|\OT1/cmr/m/n/12 23.45%| 
 []


Underfull \hbox (badness 10000) in paragraph at lines 292--292
[]|\OT1/cmr/m/n/12 -
 []


Overfull \hbox (7.81262pt too wide) in paragraph at lines 292--292
\OT1/cmr/m/n/12 30.70%| 
 []


Overfull \hbox (1.93768pt too wide) in paragraph at lines 292--292
[]|\OT1/cmr/m/n/12 3.11%| 
 []


Underfull \hbox (badness 10000) in paragraph at lines 292--292
[]|\OT1/cmr/m/n/12 -
 []


Overfull \hbox (7.81262pt too wide) in paragraph at lines 292--292
\OT1/cmr/m/n/12 40.92%| 
 []


Underfull \hbox (badness 10000) in paragraph at lines 292--292
[]|\OT1/cmr/m/n/12 -
 []


Overfull \hbox (1.93768pt too wide) in paragraph at lines 292--292
\OT1/cmr/m/n/12 3.07%| 
 []


Overfull \hbox (7.81262pt too wide) in paragraph at lines 292--292
[]|\OT1/cmr/m/n/12 59.48%| 
 []


Overfull \hbox (7.81262pt too wide) in paragraph at lines 292--292
[]|\OT1/cmr/m/n/12 19.52%| 
 []


Overfull \hbox (7.81262pt too wide) in paragraph at lines 292--292
[]|\OT1/cmr/m/n/12 57.29%| 
 []


Overfull \hbox (7.81262pt too wide) in paragraph at lines 292--292
[]|\OT1/cmr/m/n/12 14.48%| 
 []


Overfull \hbox (4.54044pt too wide) in paragraph at lines 292--292
[]|\OT1/cmr/m/n/12 #N/A| 
 []


Overfull \hbox (4.54044pt too wide) in paragraph at lines 292--292
[]|\OT1/cmr/m/n/12 #N/A| 
 []


Overfull \hbox (4.54044pt too wide) in paragraph at lines 292--292
[]|\OT1/cmr/m/n/12 #N/A| 
 []


Overfull \hbox (4.54044pt too wide) in paragraph at lines 292--292
[]|\OT1/cmr/m/n/12 #N/A| 
 []


Overfull \hbox (4.54044pt too wide) in paragraph at lines 292--292
[]|\OT1/cmr/m/n/12 #N/A| 
 []


Overfull \hbox (4.54044pt too wide) in paragraph at lines 292--292
[]|\OT1/cmr/m/n/12 #N/A| 
 []


Overfull \hbox (4.54044pt too wide) in paragraph at lines 292--292
[]|\OT1/cmr/m/n/12 #N/A| 
 []


Overfull \hbox (4.54044pt too wide) in paragraph at lines 292--292
[]|\OT1/cmr/m/n/12 #N/A| 
 []


Overfull \hbox (7.81262pt too wide) in paragraph at lines 292--292
[]|\OT1/cmr/m/n/12 43.65%| 
 []


Overfull \hbox (7.81262pt too wide) in paragraph at lines 292--292
[]|\OT1/cmr/m/n/12 55.90%| 
 []


Underfull \hbox (badness 10000) in paragraph at lines 292--292
[]|\OT1/cmr/m/n/12 -
 []


Overfull \hbox (7.81262pt too wide) in paragraph at lines 292--292
\OT1/cmr/m/n/12 32.82%| 
 []


Overfull \hbox (7.81262pt too wide) in paragraph at lines 292--292
[]|\OT1/cmr/m/n/12 16.40%| 
 []


Overfull \hbox (4.54044pt too wide) in paragraph at lines 292--292
[]|\OT1/cmr/m/n/12 #N/A| 
 []


Overfull \hbox (4.54044pt too wide) in paragraph at lines 292--292
[]|\OT1/cmr/m/n/12 #N/A| 
 []


Overfull \hbox (7.81262pt too wide) in paragraph at lines 292--292
[]|\OT1/cmr/m/n/12 38.28%| 
 []


Overfull \hbox (1.93768pt too wide) in paragraph at lines 292--292
[]|\OT1/cmr/m/n/12 9.13%| 
 []


Overfull \hbox (4.54044pt too wide) in paragraph at lines 292--292
[]|\OT1/cmr/m/n/12 #N/A| 
 []


Overfull \hbox (4.54044pt too wide) in paragraph at lines 292--292
[]|\OT1/cmr/m/n/12 #N/A| 
 []


Overfull \hbox (13.68756pt too wide) in paragraph at lines 292--292
[]|\OT1/cmr/m/n/12 129.63%| 
 []


Overfull \hbox (7.81262pt too wide) in paragraph at lines 292--292
[]|\OT1/cmr/m/n/12 15.27%| 
 []


Underfull \hbox (badness 10000) in paragraph at lines 292--292
[]|\OT1/cmr/m/n/12 -
 []


Overfull \hbox (7.81262pt too wide) in paragraph at lines 292--292
\OT1/cmr/m/n/12 26.18%| 
 []


Overfull \hbox (7.81262pt too wide) in paragraph at lines 292--292
[]|\OT1/cmr/m/n/12 10.80%| 
 []


Underfull \hbox (badness 10000) in paragraph at lines 292--292
[]|\OT1/cmr/m/n/12 -
 []


Overfull \hbox (7.81262pt too wide) in paragraph at lines 292--292
\OT1/cmr/m/n/12 31.48%| 
 []


Underfull \hbox (badness 10000) in paragraph at lines 292--292
[]|\OT1/cmr/m/n/12 -
 []


Overfull \hbox (7.81262pt too wide) in paragraph at lines 292--292
\OT1/cmr/m/n/12 22.42%| 
 []


Overfull \hbox (7.81262pt too wide) in paragraph at lines 292--292
[]|\OT1/cmr/m/n/12 49.20%| 
 []


Overfull \hbox (7.81262pt too wide) in paragraph at lines 292--292
[]|\OT1/cmr/m/n/12 12.09%| 
 []


Overfull \hbox (7.81262pt too wide) in paragraph at lines 292--292
[]|\OT1/cmr/m/n/12 62.34%| 
 []


Underfull \hbox (badness 10000) in paragraph at lines 292--292
[]|\OT1/cmr/m/n/12 -
 []


Overfull \hbox (1.93768pt too wide) in paragraph at lines 292--292
\OT1/cmr/m/n/12 3.91%| 
 []


Overfull \hbox (4.54044pt too wide) in paragraph at lines 292--292
[]|\OT1/cmr/m/n/12 #N/A| 
 []


Overfull \hbox (4.54044pt too wide) in paragraph at lines 292--292
[]|\OT1/cmr/m/n/12 #N/A| 
 []


Overfull \hbox (4.54044pt too wide) in paragraph at lines 292--292
[]|\OT1/cmr/m/n/12 #N/A| 
 []


Overfull \hbox (4.54044pt too wide) in paragraph at lines 292--292
[]|\OT1/cmr/m/n/12 #N/A| 
 []


Overfull \hbox (4.54044pt too wide) in paragraph at lines 292--292
[]|\OT1/cmr/m/n/12 #N/A| 
 []


Overfull \hbox (4.54044pt too wide) in paragraph at lines 292--292
[]|\OT1/cmr/m/n/12 #N/A| 
 []


Overfull \hbox (4.54044pt too wide) in paragraph at lines 292--292
[]|\OT1/cmr/m/n/12 #N/A| 
 []


Overfull \hbox (4.54044pt too wide) in paragraph at lines 292--292
[]|\OT1/cmr/m/n/12 #N/A| 
 []


Overfull \hbox (7.81262pt too wide) in paragraph at lines 292--292
[]|\OT1/cmr/m/n/12 22.29%| 
 []


Overfull \hbox (7.81262pt too wide) in paragraph at lines 292--292
[]|\OT1/cmr/m/n/12 33.73%| 
 []


Overfull \hbox (4.54044pt too wide) in paragraph at lines 292--292
[]|\OT1/cmr/m/n/12 #N/A| 
 []


Overfull \hbox (4.54044pt too wide) in paragraph at lines 292--292
[]|\OT1/cmr/m/n/12 #N/A| 
 []


Underfull \hbox (badness 10000) in paragraph at lines 292--292
[]|\OT1/cmr/m/n/12 -
 []


Overfull \hbox (1.93768pt too wide) in paragraph at lines 292--292
\OT1/cmr/m/n/12 6.67%| 
 []


Underfull \hbox (badness 10000) in paragraph at lines 292--292
[]|\OT1/cmr/m/n/12 -
 []


Overfull \hbox (1.93768pt too wide) in paragraph at lines 292--292
\OT1/cmr/m/n/12 7.58%| 
 []


Overfull \hbox (4.54044pt too wide) in paragraph at lines 292--292
[]|\OT1/cmr/m/n/12 #N/A| 
 []


Overfull \hbox (4.54044pt too wide) in paragraph at lines 292--292
[]|\OT1/cmr/m/n/12 #N/A| 
 []


Overfull \hbox (1.93768pt too wide) in paragraph at lines 292--292
[]|\OT1/cmr/m/n/12 2.24%| 
 []


Overfull \hbox (13.68756pt too wide) in paragraph at lines 292--292
[]|\OT1/cmr/m/n/12 113.74%| 
 []

) [15] [16]
\openout2 = `Analysis.aux'.

 (Analysis.tex
Chapter 7.

Package hyperref Warning: Difference (2) between bookmark levels is greater 
(hyperref)                than one, level fixed on input line 13.

) [17



] [18]
\openout2 = `Discussion.aux'.

 (Discussion.tex
Chapter 8.
) [19



]
\openout2 = `Conclusions.aux'.

 (Conclusions.tex
Chapter 9.
) [20



]
\openout2 = `Recommendations.aux'.

 (Recommendations.tex
Chapter 10.
) [21



]
\openout2 = `References.aux'.

 (References.tex [22


]) [23

]
\openout2 = `appendixa.aux'.

 (appendixa.tex
Appendix A.
) [24



]
\openout2 = `appendixb.aux'.

 (appendixb.tex
Appendix B.
) [25



] 
AED: lastpage setting LastPage
Package atveryend Info: Empty hook `BeforeClearDocument' on input line 177.
Package atveryend Info: Empty hook `AfterLastShipout' on input line 177.
("Final Report.aux" (Introduction.aux) (Literature.aux) (BackgroundInfo.aux)
(Design.aux) (Methodology.aux) (Results.aux) (Analysis.aux) (Discussion.aux)
(Conclusions.aux) (Recommendations.aux) (References.aux) (appendixa.aux)
(appendixb.aux))
Package atveryend Info: Executing hook `AtVeryEndDocument' on input line 177.
Package atveryend Info: Executing hook `AtEndAfterFileList' on input line 177.
Package rerunfilecheck Info: File `"Final Report".out' has not changed.
(rerunfilecheck)             Checksum: 761A2C9F389E020605C3A2BA016086A8;2046.
Package atveryend Info: Empty hook `AtVeryVeryEnd' on input line 177.
 ) 
Here is how much of TeX's memory you used:
 8656 strings out of 493323
 123048 string characters out of 3139062
 278992 words of memory out of 3000000
 11839 multiletter control sequences out of 15000+200000
 11115 words of font info for 41 fonts, out of 3000000 for 9000
 1141 hyphenation exceptions out of 8191
 34i,12n,43p,453b,505s stack positions out of 5000i,500n,10000p,200000b,50000s
<C:/Program Files/MiKTeX 2.9/fonts/type1/public/amsfonts/cm/cmbx12.pfb><C:/Pr
ogram Files/MiKTeX 2.9/fonts/type1/public/amsfonts/cm/cmbxti10.pfb><C:/Program 
Files/MiKTeX 2.9/fonts/type1/public/amsfonts/cm/cmr12.pfb><C:/Program Files/MiK
TeX 2.9/fonts/type1/public/amsfonts/cm/cmr17.pfb><C:/Program Files/MiKTeX 2.9/f
onts/type1/public/amsfonts/cm/cmsy10.pfb><C:/Program Files/MiKTeX 2.9/fonts/typ
e1/public/amsfonts/cm/cmti12.pfb>
Output written on "Final Report.pdf" (33 pages, 318661 bytes).
PDF statistics:
 405 PDF objects out of 1000 (max. 8388607)
 101 named destinations out of 1000 (max. 500000)
 275 words of extra memory for PDF output out of 10000 (max. 10000000)

