\BOOKMARK [0][-]{chapter.1}{Introduction}{}% 1
\BOOKMARK [1][-]{section.1.1}{Background to the study}{chapter.1}% 2
\BOOKMARK [1][-]{section.1.2}{Objectives of this study}{chapter.1}% 3
\BOOKMARK [2][-]{subsection.1.2.1}{Problems to be investigated}{section.1.2}% 4
\BOOKMARK [2][-]{subsection.1.2.2}{Purpose of the study}{section.1.2}% 5
\BOOKMARK [1][-]{section.1.3}{Scope and Limitations}{chapter.1}% 6
\BOOKMARK [1][-]{section.1.4}{Plan of development}{chapter.1}% 7
\BOOKMARK [0][-]{chapter.2}{Literature Review}{}% 8
\BOOKMARK [0][-]{chapter.3}{Solution Design}{}% 9
\BOOKMARK [1][-]{section.3.1}{Implementation Design}{chapter.3}% 10
\BOOKMARK [1][-]{section.3.2}{Component Selection}{chapter.3}% 11
\BOOKMARK [1][-]{section.3.3}{Algorithm Design}{chapter.3}% 12
\BOOKMARK [0][-]{chapter.4}{Methodology}{}% 13
\BOOKMARK [0][-]{chapter.5}{Results}{}% 14
\BOOKMARK [1][-]{section.5.1}{Simulation Results}{chapter.5}% 15
\BOOKMARK [1][-]{section.5.2}{Experimental Results}{chapter.5}% 16
\BOOKMARK [0][-]{chapter.6}{Discussion}{}% 17
\BOOKMARK [0][-]{chapter.7}{Conclusions}{}% 18
\BOOKMARK [0][-]{chapter.8}{Recommendations}{}% 19
\BOOKMARK [0][-]{appendix.A}{Additional Files and Schematics}{}% 20
\BOOKMARK [0][-]{appendix.B}{Addenda}{}% 21
\BOOKMARK [1][-]{section.B.1}{Ethics Forms}{appendix.B}% 22
